<?xml version="1.0" encoding="utf-8"?><testsuites name="pytest tests"><testsuite name="pytest" errors="0" failures="0" skipped="0" tests="30" time="4.239" timestamp="2026-09-09T17:49:25.969540+00:00" hostname="agent-env-94942f34-b1f3-4e55-af57-0ff396cc74d7"><testcase classname="tests.backend_test.TestPublic" name="test_public_brands_no_auth" time="0.361" /><testcase classname="tests.backend_test.TestPublic" name="test_public_ticket_creation" time="0.498" /><testcase classname="tests.backend_test.TestDistributorRouting" name="test_set_distributor" time="0.685" /><testcase classname="tests.backend_test.TestDistributorRouting" name="test_get_settings_returns_distributor" time="0.093" /><testcase classname="tests.backend_test.TestDistributorRouting" name="test_create_brand_with_routing" time="0.087" /><testcase classname="tests.backend_test.TestPublic" name="test_public_ticket_invalid_brand" time="0.082" /><testcase classname="tests.backend_test.TestDistributorRouting" name="test_public_ticket_routing_structure" time="0.472" /><testcase classname="tests.backend_test.TestPublic" name="test_public_ticket_invalid_type" time="0.075" /><testcase classname="tests.backend_test.TestDistributorRouting" name="test_public_reply_ok" time="0.202" /><testcase classname="tests.backend_test.TestTickets" name="test_list_tickets" time="0.432" /><testcase classname="tests.backend_test.TestTickets" name="test_stats" time="0.075" /><testcase classname="tests.backend_test.TestTickets" name="test_ticket_flow_update_reply" time="0.723" /><testcase classname="tests.backend_test.TestDistributorRouting" name="test_internal_reply_ok" time="0.087" /><testcase classname="tests.backend_test.TestDistributorRouting" name="test_cleanup_brand" time="0.143" /><testcase classname="tests.backend_test.TestAgents" name="test_create_agent" time="0.343" /><testcase classname="tests.backend_test.TestAgents" name="test_agent_can_login" time="0.424" /><testcase classname="tests.backend_test.TestTickets" name="test_filters" time="0.292" /><testcase classname="tests.backend_test.TestAgents" name="test_agent_forbidden_from_admin" time="0.658" /><testcase classname="tests.backend_test.TestBrands" name="test_create_brand" time="0.079" /><testcase classname="tests.backend_test.TestBrands" name="test_update_brand" time="0.075" /><testcase classname="tests.backend_test.TestBrands" name="test_brand_appears_in_public_list" time="0.080" /><testcase classname="tests.backend_test.TestBrands" name="test_delete_brand" time="0.084" /><testcase classname="tests.backend_test.TestSettings" name="test_get_settings" time="0.083" /><testcase classname="tests.backend_test.TestSettings" name="test_update_settings" time="0.165" /><testcase classname="tests.backend_test.TestSettings" name="test_send_test_email" time="0.477" /><testcase classname="tests.backend_test.TestAgents" name="test_delete_agent" time="0.091" /><testcase classname="tests.backend_test.TestAuth" name="test_login_success" time="0.000" /><testcase classname="tests.backend_test.TestAuth" name="test_login_bad_password" time="0.296" /><testcase classname="tests.backend_test.TestAuth" name="test_me" time="0.073" /><testcase classname="tests.backend_test" name="test_meta" time="0.122" /></testsuite></testsuites>