<?xml version="1.0" encoding="utf-8"?><testsuites name="pytest tests"><testsuite name="pytest" errors="0" failures="0" skipped="0" tests="23" time="4.498" timestamp="2026-09-09T16:35:00.542237+00:00" hostname="agent-env-94942f34-b1f3-4e55-af57-0ff396cc74d7"><testcase classname="tests.backend_test.TestPublic" name="test_public_brands_no_auth" time="0.436" /><testcase classname="tests.backend_test.TestPublic" name="test_public_ticket_creation" time="0.546" /><testcase classname="tests.backend_test.TestTickets" name="test_list_tickets" time="0.589" /><testcase classname="tests.backend_test.TestTickets" name="test_stats" time="0.104" /><testcase classname="tests.backend_test.TestTickets" name="test_ticket_flow_update_reply" time="0.908" /><testcase classname="tests.backend_test.TestPublic" name="test_public_ticket_invalid_brand" time="0.097" /><testcase classname="tests.backend_test.TestPublic" name="test_public_ticket_invalid_type" time="0.101" /><testcase classname="tests.backend_test.TestAgents" name="test_create_agent" time="0.698" /><testcase classname="tests.backend_test.TestTickets" name="test_filters" time="0.243" /><testcase classname="tests.backend_test.TestBrands" name="test_create_brand" time="0.101" /><testcase classname="tests.backend_test.TestAgents" name="test_agent_can_login" time="0.464" /><testcase classname="tests.backend_test.TestBrands" name="test_update_brand" time="0.097" /><testcase classname="tests.backend_test.TestBrands" name="test_brand_appears_in_public_list" time="0.300" /><testcase classname="tests.backend_test.TestAgents" name="test_agent_forbidden_from_admin" time="0.842" /><testcase classname="tests.backend_test.TestBrands" name="test_delete_brand" time="0.091" /><testcase classname="tests.backend_test.TestAuth" name="test_login_success" time="0.000" /><testcase classname="tests.backend_test.TestAuth" name="test_login_bad_password" time="0.310" /><testcase classname="tests.backend_test.TestAuth" name="test_me" time="0.091" /><testcase classname="tests.backend_test" name="test_meta" time="0.088" /><testcase classname="tests.backend_test.TestAgents" name="test_delete_agent" time="0.094" /><testcase classname="tests.backend_test.TestSettings" name="test_get_settings" time="0.092" /><testcase classname="tests.backend_test.TestSettings" name="test_update_settings" time="0.206" /><testcase classname="tests.backend_test.TestSettings" name="test_send_test_email" time="0.370" /></testsuite></testsuites>